<?xml version="1.0" encoding="UTF-8"?>
<!-- Generated by org.testng.reporters.JUnitReportReporter -->
<testsuite hostname="LAPTOP-7SAHV49I" failures="0" tests="1" name="TestRunner.runTest" time="10.503" errors="0" timestamp="2024-11-25T11:41:48 GMT-06:00" skipped="0">
  <testcase classname="TestRunner.runTest" name="runScenario" time="10.503"/>
</testsuite> <!-- TestRunner.runTest -->
